<?xml version="1.0" encoding="UTF-8"?>
<testng-results ignored="0" total="1" passed="1" failed="0" skipped="0">
  <reporter-output>
  </reporter-output>
  <suite started-at="2023-04-20T15:36:23 IST" name="Default suite" finished-at="2023-04-20T15:36:50 IST" duration-ms="27845">
    <groups>
    </groups>
    <test started-at="2023-04-20T15:36:23 IST" name="Default test" finished-at="2023-04-20T15:36:50 IST" duration-ms="27845">
      <class name="com.signup.SignInTestCase">
        <test-method is-config="true" signature="setUpMethod()[pri:0, instance:com.signup.SignInTestCase@696da30b]" started-at="2023-04-20T15:36:23 IST" name="setUpMethod" finished-at="2023-04-20T15:36:37 IST" duration-ms="14038" status="PASS">
          <reporter-output>
          </reporter-output>
        </test-method> <!-- setUpMethod -->
        <test-method signature="VerifyThatAllFieldsArePresentOnSignInPage()[pri:0, instance:com.signup.SignInTestCase@696da30b]" started-at="2023-04-20T15:36:37 IST" name="VerifyThatAllFieldsArePresentOnSignInPage" finished-at="2023-04-20T15:36:50 IST" duration-ms="13095" status="PASS">
          <reporter-output>
          </reporter-output>
        </test-method> <!-- VerifyThatAllFieldsArePresentOnSignInPage -->
        <test-method is-config="true" signature="tearDownMethod()[pri:0, instance:com.signup.SignInTestCase@696da30b]" started-at="2023-04-20T15:36:50 IST" name="tearDownMethod" finished-at="2023-04-20T15:36:50 IST" duration-ms="596" status="PASS">
          <reporter-output>
          </reporter-output>
        </test-method> <!-- tearDownMethod -->
      </class> <!-- com.signup.SignInTestCase -->
    </test> <!-- Default test -->
  </suite> <!-- Default suite -->
</testng-results>
