<?xml version="1.0" encoding="UTF-8"?>
<testng-results ignored="0" total="1" passed="1" failed="0" skipped="0">
  <reporter-output>
  </reporter-output>
  <suite started-at="2023-04-18T16:49:10 IST" name="Default suite" finished-at="2023-04-18T16:50:39 IST" duration-ms="89039">
    <groups>
    </groups>
    <test started-at="2023-04-18T16:49:10 IST" name="Default test" finished-at="2023-04-18T16:50:39 IST" duration-ms="89039">
      <class name="com.signup.SingUp">
        <test-method is-config="true" signature="setUpMethod()[pri:0, instance:com.signup.SingUp@5562c41e]" started-at="2023-04-18T16:49:11 IST" name="setUpMethod" finished-at="2023-04-18T16:50:36 IST" duration-ms="85433" status="PASS">
          <reporter-output>
          </reporter-output>
        </test-method> <!-- setUpMethod -->
        <test-method signature="VerifyThatAllTheSpecifiedFieldsArePresentOnTheSignUpPage()[pri:0, instance:com.signup.SingUp@5562c41e]" started-at="2023-04-18T16:50:36 IST" name="VerifyThatAllTheSpecifiedFieldsArePresentOnTheSignUpPage" finished-at="2023-04-18T16:50:36 IST" duration-ms="28" status="PASS">
          <reporter-output>
          </reporter-output>
        </test-method> <!-- VerifyThatAllTheSpecifiedFieldsArePresentOnTheSignUpPage -->
        <test-method is-config="true" signature="tearDownMethod()[pri:0, instance:com.signup.SingUp@5562c41e]" started-at="2023-04-18T16:50:36 IST" name="tearDownMethod" finished-at="2023-04-18T16:50:39 IST" duration-ms="3356" status="PASS">
          <reporter-output>
          </reporter-output>
        </test-method> <!-- tearDownMethod -->
      </class> <!-- com.signup.SingUp -->
    </test> <!-- Default test -->
  </suite> <!-- Default suite -->
</testng-results>
